Streaming transaction logs mentioning 124AXhtkntDHNLmJ1vVrhp26kJNABXFF5PguRDg6eWtz. Confirmed commitment
Transaction executed in slot 7:
  Signature: csug946LApBpFTtNXeofEd9H8bLPiQXenVY3vvPTHH3K8QZQ81qTHATQwNgPFb5C4fmSArJ9tXWi6mxxj1qQQdE
  Status: Ok
  Log Messages:
    Program 124AXhtkntDHNLmJ1vVrhp26kJNABXFF5PguRDg6eWtz invoke [1]
    Program log: Instruction: Initialize
    Program 11111111111111111111111111111111 invoke [2]
    Program 11111111111111111111111111111111 success
    Program 124AXhtkntDHNLmJ1vVrhp26kJNABXFF5PguRDg6eWtz consumed 5096 of 200000 compute units
    Program 124AXhtkntDHNLmJ1vVrhp26kJNABXFF5PguRDg6eWtz success
Transaction executed in slot 7:
  Signature: 5tw7EPmSSyVgxFHoMLvwPfZmgBXPP7n96vATTTntuRRC15wQHa6ng2W4NN8Kvw6FiHg7qBSKzTJFuqFsC22dZkUy
  Status: Ok
  Log Messages:
    Program 124AXhtkntDHNLmJ1vVrhp26kJNABXFF5PguRDg6eWtz invoke [1]
    Program log: Instruction: Increment
    Program 124AXhtkntDHNLmJ1vVrhp26kJNABXFF5PguRDg6eWtz consumed 877 of 200000 compute units
    Program 124AXhtkntDHNLmJ1vVrhp26kJNABXFF5PguRDg6eWtz success
Transaction executed in slot 8:
  Signature: 5tw7EPmSSyVgxFHoMLvwPfZmgBXPP7n96vATTTntuRRC15wQHa6ng2W4NN8Kvw6FiHg7qBSKzTJFuqFsC22dZkUy
  Status: Ok
  Log Messages:
    Program 124AXhtkntDHNLmJ1vVrhp26kJNABXFF5PguRDg6eWtz invoke [1]
    Program log: Instruction: Increment
    Program 124AXhtkntDHNLmJ1vVrhp26kJNABXFF5PguRDg6eWtz consumed 877 of 200000 compute units
    Program 124AXhtkntDHNLmJ1vVrhp26kJNABXFF5PguRDg6eWtz success
